Arguments: 
  C:\Program Files\nodejs\node.exe C:\Users\admin\.yarn\bin\yarn.js

PATH: 
  C:\Users\admin\AppData\Local\oh-my-posh;C:\Users\admin\.yarn\bin;C:\Users\admin\.Yarn;C:\Program Files\Eclipse Foundation\jdk-11.0.12.7-hotspot\bin;C:\Users\admin\AppData\Local\Android\Sdk\\cmdline-tools\tools\tools\bin;C:\Windows\system32;C:\Windows;C:\Windows\System32\Wbem;C:\Windows\System32\WindowsPowerShell\v1.0\;C:\Windows\System32\OpenSSH\;C:\Users\admin\AppData\Local\Yarn\bin;C:\ProgramData\chocolatey\bin;C:\Program Files\Java\jdk1.8.0_211\bin;C:\Users\admin\AppData\Roaming\nvm;C:\Program Files\nodejs;C:\Program Files (x86)\Yarn\bin\;C:\Program Files\GitHub CLI\;C:\Users\admin\Downloads\Sublime Text Build 3211 x64;C:\Program Files\Git\cmd;C:\Users\admin\AppData\Local\Programs\Python\Python310\Scripts\;C:\Users\admin\AppData\Local\Programs\Python\Python310\;C:\Users\admin\scoop\shims;C:\Users\admin\AppData\Local\Volta\bin;C:\Users\admin\AppData\Local\Android\Sdk\platform-tools;C:\Users\admin\AppData\Local\Android\Sdk\cmdline-tools\tools\tools\bin;C:\Program Files\Calibre2\;C:\Users\admin\AppData\Local\atom\app-1.58.0\resources\app\apm\bin;C:\Program Files\Git\mingw64\bin;C:\Users\admin\AppData\Local\Microsoft\WindowsApps;C:\Users\admin\AppData\Roaming\npm;C:\ffmpeg\bin;C:\Users\admin\Downloads\VSCode-win32-x64-1.60.2\bin;C:\Users\admin\AppData\Local\Android\Sdk\\tools\bin;C:\Users\admin\Downloads\Ubuntu\Ubuntu2;C:\Users\admin\AppData\Local\Programs\oh-my-posh\bin;C:\Users\admin\AppData\Local\nvim;C:\Users\admin\Downloads\nvim-win\Neovim\bin

Yarn version: 
  1.22.19

Node version: 
  14.17.6

Platform: 
  win32 x64

Trace: 
  Error: read ECONNRESET
      at TLSWrap.onStreamRead (internal/stream_base_commons.js:209:20)

npm manifest: 
  {
    "name": "learntdd",
    "version": "1.0.0",
    "main": "node_modules/expo/AppEntry.js",
    "scripts": {
      "start": "expo start",
      "android": "expo start --android",
      "ios": "expo start --ios",
      "web": "expo start --web",
      "eject": "expo eject"
    },
    "dependencies": {
      "expo": "~45.0.0",
      "expo-status-bar": "~1.3.0",
      "react": "17.0.2",
      "react-dom": "17.0.2",
      "react-native": "0.68.2",
      "react-native-web": "0.17.7"
    },
    "devDependencies": {
      "@babel/core": "^7.12.9"
    },
    "private": true
  }

yarn manifest: 
  No manifest

Lockfile: 
  No lockfile
